<?xml version="1.0" encoding="UTF-8"?>
<testsuite name="org.fst.backup.test.unit_test.ui.choose.RestoreButtonTest" tests="5" skipped="0" failures="0" errors="0" timestamp="2016-10-23T20:02:07" hostname="HP-Frank" time="0.694">
  <properties/>
  <testcase name="testNothingHappensIfIncrementsListIsEmpty" classname="org.fst.backup.test.unit_test.ui.choose.RestoreButtonTest" time="0.113"/>
  <testcase name="testNothingHappensIfNoIncrementIsSelected" classname="org.fst.backup.test.unit_test.ui.choose.RestoreButtonTest" time="0.107"/>
  <testcase name="testSelectedIncrementFromIncrementsListIsUsed" classname="org.fst.backup.test.unit_test.ui.choose.RestoreButtonTest" time="0.19"/>
  <testcase name="testSelectedIncrementIsSetToNullIfIfIncrementsListGetsEmpty" classname="org.fst.backup.test.unit_test.ui.choose.RestoreButtonTest" time="0.18"/>
  <testcase name="testRestoreTabIsOpened" classname="org.fst.backup.test.unit_test.ui.choose.RestoreButtonTest" time="0.103"/>
  <system-out><![CDATA[]]></system-out>
  <system-err><![CDATA[]]></system-err>
</testsuite>
