<?xml version="1.0" encoding="UTF-8"?>
<testsuite name="org.fst.backup.test.unit_test.service.ListIncrementsServiceTest" tests="4" skipped="0" failures="0" errors="0" timestamp="2016-10-23T20:02:04" hostname="HP-Frank" time="0.248">
  <properties/>
  <testcase name="testListIncrementsWithNotExistingDirectory" classname="org.fst.backup.test.unit_test.service.ListIncrementsServiceTest" time="0.068"/>
  <testcase name="testListIncrementsWithNonDirectoryFile" classname="org.fst.backup.test.unit_test.service.ListIncrementsServiceTest" time="0.074"/>
  <testcase name="testListIncrementsWithTwoIncrements" classname="org.fst.backup.test.unit_test.service.ListIncrementsServiceTest" time="0.054"/>
  <testcase name="testListIncrementsWithoutIncrements" classname="org.fst.backup.test.unit_test.service.ListIncrementsServiceTest" time="0.052"/>
  <system-out><![CDATA[]]></system-out>
  <system-err><![CDATA[]]></system-err>
</testsuite>
