<?xml version="1.0" encoding="UTF-8"?>
<testsuite name="org.fst.backup.test.unit_test.ui.choose.BackupDirectoryChooserTest" tests="3" skipped="0" failures="0" errors="0" timestamp="2016-10-23T20:02:06" hostname="HP-Frank" time="0.353">
  <properties/>
  <testcase name="testIncrementsListGetsClearedBeforeNewIncrementsAreAdded" classname="org.fst.backup.test.unit_test.ui.choose.BackupDirectoryChooserTest" time="0.176"/>
  <testcase name="testIncrementListGetsUpdatedWhenFileSelectionChanges" classname="org.fst.backup.test.unit_test.ui.choose.BackupDirectoryChooserTest" time="0.089"/>
  <testcase name="testIncrementsAreOrderedChronologicallyDescending" classname="org.fst.backup.test.unit_test.ui.choose.BackupDirectoryChooserTest" time="0.087"/>
  <system-out><![CDATA[]]></system-out>
  <system-err><![CDATA[]]></system-err>
</testsuite>
