<?xml version="1.0" encoding="UTF-8"?>
<testsuite name="org.fst.backup.test.CleanCobertura" tests="1" skipped="0" failures="0" errors="0" timestamp="2016-10-23T20:01:47" hostname="HP-Frank" time="0.002">
  <properties/>
  <testcase name="test" classname="org.fst.backup.test.CleanCobertura" time="0.002"/>
  <system-out><![CDATA[]]></system-out>
  <system-err><![CDATA[]]></system-err>
</testsuite>
