<?xml version="1.0" encoding="UTF-8"?>
<testsuite name="org.fst.backup.test.unit_test.service.ListPathsFromIncrementServiceTest" tests="4" skipped="0" failures="0" errors="0" timestamp="2016-10-23T20:02:04" hostname="HP-Frank" time="0.337">
  <properties/>
  <testcase name="testListFiles" classname="org.fst.backup.test.unit_test.service.ListPathsFromIncrementServiceTest" time="0.056"/>
  <testcase name="testNotExistingTargetDir" classname="org.fst.backup.test.unit_test.service.ListPathsFromIncrementServiceTest" time="0.046"/>
  <testcase name="testTargetIsNotADirectory" classname="org.fst.backup.test.unit_test.service.ListPathsFromIncrementServiceTest" time="0.054"/>
  <testcase name="testTargetIsNoBackupDir" classname="org.fst.backup.test.unit_test.service.ListPathsFromIncrementServiceTest" time="0.178"/>
  <system-out><![CDATA[]]></system-out>
  <system-err><![CDATA[]]></system-err>
</testsuite>
