<?xml version="1.0" encoding="UTF-8"?>
<testsuite name="org.fst.backup.test.unit_test.service.IncrementFileStructureServiceTest" tests="6" skipped="0" failures="0" errors="0" timestamp="2016-10-23T20:02:03" hostname="HP-Frank" time="0.424">
  <properties/>
  <testcase name="testWithNonDirectoryRoot" classname="org.fst.backup.test.unit_test.service.IncrementFileStructureServiceTest" time="0.085"/>
  <testcase name="testWithNotExistingRoot" classname="org.fst.backup.test.unit_test.service.IncrementFileStructureServiceTest" time="0.057"/>
  <testcase name="testServicePassesExceptions1" classname="org.fst.backup.test.unit_test.service.IncrementFileStructureServiceTest" time="0.063"/>
  <testcase name="testServicePassesExceptions2" classname="org.fst.backup.test.unit_test.service.IncrementFileStructureServiceTest" time="0.059"/>
  <testcase name="testServiceIsInvokedWithCorrectParams1" classname="org.fst.backup.test.unit_test.service.IncrementFileStructureServiceTest" time="0.068"/>
  <testcase name="testServiceIsInvokedWithCorrectParams2" classname="org.fst.backup.test.unit_test.service.IncrementFileStructureServiceTest" time="0.092"/>
  <system-out><![CDATA[]]></system-out>
  <system-err><![CDATA[]]></system-err>
</testsuite>
