<?xml version="1.0" encoding="UTF-8"?>
<testsuite name="org.fst.backup.test.service_test.service.ListIncrementsTest" tests="1" skipped="0" failures="0" errors="0" timestamp="2016-10-23T20:01:50" hostname="HP-Frank" time="3.628">
  <properties/>
  <testcase name="test" classname="org.fst.backup.test.service_test.service.ListIncrementsTest" time="3.628"/>
  <system-out><![CDATA[]]></system-out>
  <system-err><![CDATA[]]></system-err>
</testsuite>
