<?xml version="1.0" encoding="UTF-8"?>
<testsuite name="org.fst.backup.test.unit_test.ui.inspect.InspectIncrementFileSystemViewTest" tests="8" skipped="0" failures="0" errors="0" timestamp="2016-10-23T20:02:10" hostname="HP-Frank" time="0.366">
  <properties/>
  <testcase name="testHomeDirIsRoot" classname="org.fst.backup.test.unit_test.ui.inspect.InspectIncrementFileSystemViewTest" time="0.04"/>
  <testcase name="testFolderCreationIsNotPossible" classname="org.fst.backup.test.unit_test.ui.inspect.InspectIncrementFileSystemViewTest" time="0.041"/>
  <testcase name="testCannotGoUpToParentOfRoot" classname="org.fst.backup.test.unit_test.ui.inspect.InspectIncrementFileSystemViewTest" time="0.042"/>
  <testcase name="testDefaultDirectoryIsRoot" classname="org.fst.backup.test.unit_test.ui.inspect.InspectIncrementFileSystemViewTest" time="0.043"/>
  <testcase name="testHasOnlyOneRoot" classname="org.fst.backup.test.unit_test.ui.inspect.InspectIncrementFileSystemViewTest" time="0.042"/>
  <testcase name="testRootParamIsParsedToAbsoluteFile" classname="org.fst.backup.test.unit_test.ui.inspect.InspectIncrementFileSystemViewTest" time="0.055"/>
  <testcase name="testParentIsReturned" classname="org.fst.backup.test.unit_test.ui.inspect.InspectIncrementFileSystemViewTest" time="0.053"/>
  <testcase name="testRootIsRoot" classname="org.fst.backup.test.unit_test.ui.inspect.InspectIncrementFileSystemViewTest" time="0.048"/>
  <system-out><![CDATA[]]></system-out>
  <system-err><![CDATA[]]></system-err>
</testsuite>
