<?xml version="1.0" encoding="UTF-8"?>
<testsuite name="org.fst.backup.test.unit_test.ui.choose.InspectIncrementButtonTest" tests="5" skipped="0" failures="0" errors="0" timestamp="2016-10-23T20:02:07" hostname="HP-Frank" time="0.686">
  <properties/>
  <testcase name="testNothingHappensIfIncrementsListIsEmpty" classname="org.fst.backup.test.unit_test.ui.choose.InspectIncrementButtonTest" time="0.109"/>
  <testcase name="testNothingHappensIfNoIncrementIsSelected" classname="org.fst.backup.test.unit_test.ui.choose.InspectIncrementButtonTest" time="0.112"/>
  <testcase name="testSelectedIncrementFromIncrementsListIsUsed" classname="org.fst.backup.test.unit_test.ui.choose.InspectIncrementButtonTest" time="0.18"/>
  <testcase name="testSelectedIncrementIsSetToNullIfIfIncrementsListGetsEmpty" classname="org.fst.backup.test.unit_test.ui.choose.InspectIncrementButtonTest" time="0.175"/>
  <testcase name="testInspectTabIsOpened" classname="org.fst.backup.test.unit_test.ui.choose.InspectIncrementButtonTest" time="0.11"/>
  <system-out><![CDATA[]]></system-out>
  <system-err><![CDATA[]]></system-err>
</testsuite>
