<?xml version="1.0" encoding="UTF-8"?>
<testsuite name="org.fst.backup.test.unit_test.service.PathsToFilesServiceTest" tests="11" skipped="0" failures="0" errors="0" timestamp="2016-10-23T20:02:04" hostname="HP-Frank" time="0.794">
  <properties/>
  <testcase name="testForkedPathsAreCreated" classname="org.fst.backup.test.unit_test.service.PathsToFilesServiceTest" time="0.093"/>
  <testcase name="testWithNonDirectoryRoot" classname="org.fst.backup.test.unit_test.service.PathsToFilesServiceTest" time="0.053"/>
  <testcase name="testWithNotExistingRoot" classname="org.fst.backup.test.unit_test.service.PathsToFilesServiceTest" time="0.049"/>
  <testcase name="testFilesAndPathsAreCreated" classname="org.fst.backup.test.unit_test.service.PathsToFilesServiceTest" time="0.112"/>
  <testcase name="testRootHasNoFilesWhenBackupIsEmpty" classname="org.fst.backup.test.unit_test.service.PathsToFilesServiceTest" time="0.052"/>
  <testcase name="testSingleFileIsCreated" classname="org.fst.backup.test.unit_test.service.PathsToFilesServiceTest" time="0.068"/>
  <testcase name="testRootHasNoFilesWhenPathsAreEmpty" classname="org.fst.backup.test.unit_test.service.PathsToFilesServiceTest" time="0.058"/>
  <testcase name="testWhiteSpaceInPathSegments" classname="org.fst.backup.test.unit_test.service.PathsToFilesServiceTest" time="0.07"/>
  <testcase name="testManyFilesAreCreated" classname="org.fst.backup.test.unit_test.service.PathsToFilesServiceTest" time="0.072"/>
  <testcase name="testSimplePathIsCreated" classname="org.fst.backup.test.unit_test.service.PathsToFilesServiceTest" time="0.079"/>
  <testcase name="testEmptyPathsAreSkipped" classname="org.fst.backup.test.unit_test.service.PathsToFilesServiceTest" time="0.086"/>
  <system-out><![CDATA[]]></system-out>
  <system-err><![CDATA[]]></system-err>
</testsuite>
