<?xml version="1.0" encoding="UTF-8"?>
<testsuite name="org.fst.backup.test.unit_test.service.CreateIncrementServiceTest" tests="5" skipped="0" failures="0" errors="0" timestamp="2016-10-23T20:02:03" hostname="HP-Frank" time="0.326">
  <properties/>
  <testcase name="testCallbackGetsInvokedPerLineFromCmd1" classname="org.fst.backup.test.unit_test.service.CreateIncrementServiceTest" time="0.077"/>
  <testcase name="testCallbackGetsInvokedPerLineFromCmd2" classname="org.fst.backup.test.unit_test.service.CreateIncrementServiceTest" time="0.048"/>
  <testcase name="testNonDirectoryFilesAreDenied" classname="org.fst.backup.test.unit_test.service.CreateIncrementServiceTest" time="0.089"/>
  <testcase name="testNotExisitingDirectoriesAreDenied" classname="org.fst.backup.test.unit_test.service.CreateIncrementServiceTest" time="0.058"/>
  <testcase name="testBackupCommandIsExecutedWithCorrectDirs" classname="org.fst.backup.test.unit_test.service.CreateIncrementServiceTest" time="0.053"/>
  <system-out><![CDATA[]]></system-out>
  <system-err><![CDATA[]]></system-err>
</testsuite>
