<?xml version="1.0" encoding="UTF-8"?>
<testsuite name="org.fst.backup.test.ui_test.ui.RestoreCreatedIncrement" tests="1" skipped="0" failures="0" errors="0" timestamp="2016-10-23T20:02:00" hostname="HP-Frank" time="2.253">
  <properties/>
  <testcase name="test" classname="org.fst.backup.test.ui_test.ui.RestoreCreatedIncrement" time="2.253"/>
  <system-out><![CDATA[]]></system-out>
  <system-err><![CDATA[]]></system-err>
</testsuite>
