<?xml version="1.0" encoding="UTF-8"?>
<testsuite name="org.fst.backup.test.unit_test.ui.inspect.InspectIncrementFileChooserTest" tests="9" skipped="0" failures="0" errors="0" timestamp="2016-10-23T20:02:09" hostname="HP-Frank" time="0.915">
  <properties/>
  <testcase name="testTitledBorderTextEqualsTargetDir" classname="org.fst.backup.test.unit_test.ui.inspect.InspectIncrementFileChooserTest" time="0.11"/>
  <testcase name="testFileChooserRetrievesFileStructureFromCorrectIncrement" classname="org.fst.backup.test.unit_test.ui.inspect.InspectIncrementFileChooserTest" time="0.106"/>
  <testcase name="testTitledBorderTextIsBlankInitially" classname="org.fst.backup.test.unit_test.ui.inspect.InspectIncrementFileChooserTest" time="0.086"/>
  <testcase name="testFileSystemViewRootIsUsedAsParentOfCalculatedFileStructure" classname="org.fst.backup.test.unit_test.ui.inspect.InspectIncrementFileChooserTest" time="0.1"/>
  <testcase name="testFileChooserUsesInspectBackupFileSystemView" classname="org.fst.backup.test.unit_test.ui.inspect.InspectIncrementFileChooserTest" time="0.089"/>
  <testcase name="testFileChooserCreatesBackupFileSystemViewWithEmptyRoot" classname="org.fst.backup.test.unit_test.ui.inspect.InspectIncrementFileChooserTest" time="0.09"/>
  <testcase name="testFileStructureIsAlwaysAddedToAnEmptyRoot" classname="org.fst.backup.test.unit_test.ui.inspect.InspectIncrementFileChooserTest" time="0.133"/>
  <testcase name="testFileStructureIsCalculatedAgainIfSelectedIncrementDidChange" classname="org.fst.backup.test.unit_test.ui.inspect.InspectIncrementFileChooserTest" time="0.116"/>
  <testcase name="testFileStructureIsCalculatedOnlyOnceIfSelectedIncrementDidNotChange" classname="org.fst.backup.test.unit_test.ui.inspect.InspectIncrementFileChooserTest" time="0.085"/>
  <system-out><![CDATA[]]></system-out>
  <system-err><![CDATA[]]></system-err>
</testsuite>
