<?xml version="1.0" encoding="UTF-8"?>
<testsuite name="org.fst.backup.test.unit_test.ui.create.TargetFileChooserTest" tests="1" skipped="0" failures="0" errors="0" timestamp="2016-10-23T20:02:09" hostname="HP-Frank" time="0.031">
  <properties/>
  <testcase name="testTargetDirChangesOnFileSelection" classname="org.fst.backup.test.unit_test.ui.create.TargetFileChooserTest" time="0.031"/>
  <system-out><![CDATA[]]></system-out>
  <system-err><![CDATA[]]></system-err>
</testsuite>
