<?xml version="1.0" encoding="UTF-8"?>
<testsuite name="org.fst.backup.test.unit_test.service.VerificationServiceTest" tests="14" skipped="0" failures="0" errors="0" timestamp="2016-10-23T20:02:05" hostname="HP-Frank" time="0.698">
  <properties/>
  <testcase name="testServiceReturnsAfterErrIsWrittenToAppenables[0]" classname="org.fst.backup.test.unit_test.service.VerificationServiceTest" time="0.064"/>
  <testcase name="testNonDirectoryTargetFileIsDenied[0]" classname="org.fst.backup.test.unit_test.service.VerificationServiceTest" time="0.055"/>
  <testcase name="testRDiffIsInvokedWithCorrectParams[0]" classname="org.fst.backup.test.unit_test.service.VerificationServiceTest" time="0.049"/>
  <testcase name="testNotExisitingTargetDirIsDenied[0]" classname="org.fst.backup.test.unit_test.service.VerificationServiceTest" time="0.049"/>
  <testcase name="testReturnFalseIfRDiffFails[0]" classname="org.fst.backup.test.unit_test.service.VerificationServiceTest" time="0.054"/>
  <testcase name="testReturnTrueIfRDiffSucceeds[0]" classname="org.fst.backup.test.unit_test.service.VerificationServiceTest" time="0.046"/>
  <testcase name="testServiceReturnsAfterOutIsWrittenToAppenables[0]" classname="org.fst.backup.test.unit_test.service.VerificationServiceTest" time="0.046"/>
  <testcase name="testServiceReturnsAfterErrIsWrittenToAppenables[1]" classname="org.fst.backup.test.unit_test.service.VerificationServiceTest" time="0.037"/>
  <testcase name="testNonDirectoryTargetFileIsDenied[1]" classname="org.fst.backup.test.unit_test.service.VerificationServiceTest" time="0.05"/>
  <testcase name="testRDiffIsInvokedWithCorrectParams[1]" classname="org.fst.backup.test.unit_test.service.VerificationServiceTest" time="0.04"/>
  <testcase name="testNotExisitingTargetDirIsDenied[1]" classname="org.fst.backup.test.unit_test.service.VerificationServiceTest" time="0.038"/>
  <testcase name="testReturnFalseIfRDiffFails[1]" classname="org.fst.backup.test.unit_test.service.VerificationServiceTest" time="0.051"/>
  <testcase name="testReturnTrueIfRDiffSucceeds[1]" classname="org.fst.backup.test.unit_test.service.VerificationServiceTest" time="0.048"/>
  <testcase name="testServiceReturnsAfterOutIsWrittenToAppenables[1]" classname="org.fst.backup.test.unit_test.service.VerificationServiceTest" time="0.045"/>
  <system-out><![CDATA[]]></system-out>
  <system-err><![CDATA[]]></system-err>
</testsuite>
