<?xml version="1.0" encoding="UTF-8"?>
<testsuite name="org.fst.backup.test.unit_test.ui.choose.IncrementsListTest" tests="3" skipped="0" failures="0" errors="0" timestamp="2016-10-23T20:02:07" hostname="HP-Frank" time="0.038">
  <properties/>
  <testcase name="testListHasSingleSelection" classname="org.fst.backup.test.unit_test.ui.choose.IncrementsListTest" time="0.009"/>
  <testcase name="testListUsesIncrementsListModel" classname="org.fst.backup.test.unit_test.ui.choose.IncrementsListTest" time="0.009"/>
  <testcase name="testListUsesIncrementsListSelectionModel" classname="org.fst.backup.test.unit_test.ui.choose.IncrementsListTest" time="0.019"/>
  <system-out><![CDATA[]]></system-out>
  <system-err><![CDATA[]]></system-err>
</testsuite>
