<?xml version="1.0" encoding="UTF-8"?>
<testsuite name="org.fst.backup.test.unit_test.rdiff.RDiffCommandsTest" tests="6" skipped="0" failures="0" errors="0" timestamp="2016-10-23T20:02:02" hostname="HP-Frank" time="0.522">
  <properties/>
  <testcase name="testListIncrements" classname="org.fst.backup.test.unit_test.rdiff.RDiffCommandsTest" time="0.171"/>
  <testcase name="testListFiles" classname="org.fst.backup.test.unit_test.rdiff.RDiffCommandsTest" time="0.071"/>
  <testcase name="testVersion" classname="org.fst.backup.test.unit_test.rdiff.RDiffCommandsTest" time="0.071"/>
  <testcase name="testRestore" classname="org.fst.backup.test.unit_test.rdiff.RDiffCommandsTest" time="0.062"/>
  <testcase name="testBackup" classname="org.fst.backup.test.unit_test.rdiff.RDiffCommandsTest" time="0.072"/>
  <testcase name="testVerify" classname="org.fst.backup.test.unit_test.rdiff.RDiffCommandsTest" time="0.074"/>
  <system-out><![CDATA[]]></system-out>
  <system-err><![CDATA[]]></system-err>
</testsuite>
